{"total": {"lines":{"total":124,"covered":118,"skipped":0,"pct":95.16},"statements":{"total":131,"covered":125,"skipped":0,"pct":95.41},"functions":{"total":19,"covered":19,"skipped":0,"pct":100},"branches":{"total":52,"covered":49,"skipped":0,"pct":94.23},"branchesTrue":{"total":0,"covered":0,"skipped":0,"pct":100}}
,"/home/user78/hexlet-projects/frontend-project-46/src/filedifference.js": {"lines":{"total":32,"covered":31,"skipped":0,"pct":96.87},"functions":{"total":3,"covered":3,"skipped":0,"pct":100},"statements":{"total":34,"covered":33,"skipped":0,"pct":97.05},"branches":{"total":20,"covered":19,"skipped":0,"pct":95}}
,"/home/user78/hexlet-projects/frontend-project-46/src/helpers.js": {"lines":{"total":14,"covered":13,"skipped":0,"pct":92.85},"functions":{"total":3,"covered":3,"skipped":0,"pct":100},"statements":{"total":15,"covered":14,"skipped":0,"pct":93.33},"branches":{"total":9,"covered":8,"skipped":0,"pct":88.88}}
,"/home/user78/hexlet-projects/frontend-project-46/src/parsers.js": {"lines":{"total":30,"covered":27,"skipped":0,"pct":90},"functions":{"total":4,"covered":4,"skipped":0,"pct":100},"statements":{"total":30,"covered":27,"skipped":0,"pct":90},"branches":{"total":3,"covered":3,"skipped":0,"pct":100}}
,"/home/user78/hexlet-projects/frontend-project-46/src/formatters/index.js": {"lines":{"total":6,"covered":5,"skipped":0,"pct":83.33},"functions":{"total":1,"covered":1,"skipped":0,"pct":100},"statements":{"total":6,"covered":5,"skipped":0,"pct":83.33},"branches":{"total":4,"covered":3,"skipped":0,"pct":75}}
,"/home/user78/hexlet-projects/frontend-project-46/src/formatters/plain.js": {"lines":{"total":26,"covered":26,"skipped":0,"pct":100},"functions":{"total":6,"covered":6,"skipped":0,"pct":100},"statements":{"total":29,"covered":29,"skipped":0,"pct":100},"branches":{"total":11,"covered":11,"skipped":0,"pct":100}}
,"/home/user78/hexlet-projects/frontend-project-46/src/formatters/stylish.js": {"lines":{"total":16,"covered":16,"skipped":0,"pct":100},"functions":{"total":2,"covered":2,"skipped":0,"pct":100},"statements":{"total":17,"covered":17,"skipped":0,"pct":100},"branches":{"total":5,"covered":5,"skipped":0,"pct":100}}
}
